
R:\Temp\Exports\Holiday\Content\StringTables\Game\Battle\STT_EquipItem.json
R:\Temp\Exports\Holiday\Content\StringTables\Game\Battle\ActionMsg\Balloon\STT_ActionMsg_Balloon3.json
R:\Temp\Exports\Holiday\Content\StringTables\Game\Battle\ActionMsg\Balloon\STT_ActionMsg_Balloon4.json
R:\Temp\Exports\Holiday\Content\StringTables\Game\Battle\ActionMsg\Balloon\STT_ActionMsg_Balloon5.json
R:\Temp\Exports\Holiday\Content\StringTables\Game\Battle\ActionMsg\Balloon\STT_ActionMsg_Balloon6.json
R:\Temp\Exports\Holiday\Content\StringTables\Game\Battle\ActionMsg\Balloon\STT_ActionMsg_Balloon7.json
R:\Temp\Exports\Holiday\Content\StringTables\Game\Battle\ActionMsg\Simple\STT_ActionAvgMsg_Simple10.json
R:\Temp\Exports\Holiday\Content\StringTables\Game\Battle\ActionMsg\Simple\STT_ActionSumMsg_Simple10.json
R:\Temp\Exports\Holiday\Content\StringTables\Game\Battle\OddStatusNormal\STT_BattleOddAvgMsg_MCEE_SYS.json
R:\Temp\Exports\Holiday\Content\StringTables\Game\Battle\OddStatusNormal\STT_BattleOddAvgMsg_MCEP_SYS.json
R:\Temp\Exports\Holiday\Content\StringTables\Game\Battle\OddStatusNormal\STT_BattleOddMsg_AE_BALOON.json
R:\Temp\Exports\Holiday\Content\StringTables\Game\Battle\OddStatusNormal\STT_BattleOddMsg_AEE_BALOON.json
R:\Temp\Exports\Holiday\Content\StringTables\Game\Battle\OddStatusNormal\STT_BattleOddMsg_AEP_BALOON.json
R:\Temp\Exports\Holiday\Content\StringTables\Game\Battle\OddStatusNormal\STT_BattleOddMsg_AP_BALOON.json
R:\Temp\Exports\Holiday\Content\StringTables\Game\Battle\OddStatusNormal\STT_BattleOddMsg_AXE_BALOON.json
R:\Temp\Exports\Holiday\Content\StringTables\Game\Battle\OddStatusNormal\STT_BattleOddMsg_AXP_BALOON.json
R:\Temp\Exports\Holiday\Content\StringTables\Game\Battle\OddStatusNormal\STT_BattleOddMsg_DAE_BALOON.json
R:\Temp\Exports\Holiday\Content\StringTables\Game\Battle\OddStatusNormal\STT_BattleOddMsg_DAP_BALOON.json
R:\Temp\Exports\Holiday\Content\StringTables\Game\Battle\OddStatusNormal\STT_BattleOddMsg_DOE_BALOON.json
R:\Temp\Exports\Holiday\Content\StringTables\Game\Battle\OddStatusNormal\STT_BattleOddMsg_DOP_BALOON.json
R:\Temp\Exports\Holiday\Content\StringTables\Game\Battle\OddStatusNormal\STT_BattleOddMsg_MCEE_BALOON.json
R:\Temp\Exports\Holiday\Content\StringTables\Game\Battle\OddStatusNormal\STT_BattleOddMsg_MCEP_BALOON.json
R:\Temp\Exports\Holiday\Content\StringTables\Game\Battle\OddStatusNormal\STT_BattleOddMsg_RSP_BALOON.json
R:\Temp\Exports\Holiday\Content\StringTables\Game\Battle\OddStatusNormal\STT_BattleOddSumMsg_AE_SYS.json
R:\Temp\Exports\Holiday\Content\StringTables\Game\Battle\OddStatusNormal\STT_BattleOddSumMsg_AEE_SYS.json
R:\Temp\Exports\Holiday\Content\StringTables\Game\Battle\OddStatusNormal\STT_BattleOddSumMsg_AEP_SYS.json
R:\Temp\Exports\Holiday\Content\StringTables\Game\Battle\OddStatusNormal\STT_BattleOddSumMsg_AP_SYS.json
R:\Temp\Exports\Holiday\Content\StringTables\Game\Battle\OddStatusNormal\STT_BattleOddSumMsg_AXE_SYS.json
R:\Temp\Exports\Holiday\Content\StringTables\Game\Battle\OddStatusNormal\STT_BattleOddSumMsg_AXP_SYS.json
R:\Temp\Exports\Holiday\Content\StringTables\Game\Battle\OddStatusNormal\STT_BattleOddSumMsg_DAE_SYS.json
R:\Temp\Exports\Holiday\Content\StringTables\Game\Battle\OddStatusNormal\STT_BattleOddSumMsg_DAP_SYS.json
R:\Temp\Exports\Holiday\Content\StringTables\Game\Battle\OddStatusNormal\STT_BattleOddSumMsg_DOE_SYS.json
R:\Temp\Exports\Holiday\Content\StringTables\Game\Battle\OddStatusNormal\STT_BattleOddSumMsg_DOP_SYS.json
R:\Temp\Exports\Holiday\Content\StringTables\Game\Battle\OddStatusNormal\STT_BattleOddSumMsg_MCEE_SYS.json
R:\Temp\Exports\Holiday\Content\StringTables\Game\Battle\OddStatusNormal\STT_BattleOddSumMsg_MCEP_SYS.json
R:\Temp\Exports\Holiday\Content\StringTables\Game\Battle\OddStatusNormal\STT_BattleOddSumMsg_RSE_SYS.json
R:\Temp\Exports\Holiday\Content\StringTables\Game\Battle\OddStatusNormal\STT_BattleOddSumMsg_RSP_SYS.json
R:\Temp\Exports\Holiday\Content\StringTables\Game\Battle\OddStatusNormal\STT_OddFunc_PC_Simple.json
R:\Temp\Exports\Holiday\Content\StringTables\Game\Battle\OddStatusNormal\STT_OddStatus_NoAction_Simple.json
R:\Temp\Exports\Holiday\Content\StringTables\Game\Battle\OddStatusNormal\STT_OddStatus_PC_Cancel_Simple.json
R:\Temp\Exports\Holiday\Content\StringTables\Game\Battle\OddStatusNormal\STT_OddStatus_PC_Deactive_Simple.json
R:\Temp\Exports\Holiday\Content\StringTables\Game\Battle\OddStatusNormal\STT_OddStatus_PC_Error_Simple.json
R:\Temp\Exports\Holiday\Content\StringTables\Game\Battle\OddStatusNormal\STT_OddStatus_PC_Grant_Simple.json
R:\Temp\Exports\Holiday\Content\StringTables\Game\Battle\SlideMsg\STT_BattleSlideMsg_D1E_BALOON.json
R:\Temp\Exports\Holiday\Content\StringTables\Game\Battle\SlideMsg\STT_BattleSlideMsg_D1P_BALOON.json
R:\Temp\Exports\Holiday\Content\StringTables\Game\Battle\SlideMsg\STT_BattleSlideMsg_D2E_BALOON.json
R:\Temp\Exports\Holiday\Content\StringTables\Game\Battle\SlideMsg\STT_BattleSlideMsg_D2EEX_BALOON.json
R:\Temp\Exports\Holiday\Content\StringTables\Game\Battle\SlideMsg\STT_BattleSlideMsg_D2P_BALOON.json
R:\Temp\Exports\Holiday\Content\StringTables\Game\Battle\SlideMsg\STT_BattleSlideMsg_D2PEX_BALOON.json
R:\Temp\Exports\Holiday\Content\StringTables\Game\Battle\SlideMsg\STT_BattleSlideMsg_FE_BALOON.json
R:\Temp\Exports\Holiday\Content\StringTables\Game\Battle\SlideMsg\STT_BattleSlideMsg_FP_BALOON.json
R:\Temp\Exports\Holiday\Content\StringTables\Game\Battle\SlideMsg\STT_BattleSlideMsg_I1E_BALOON.json
R:\Temp\Exports\Holiday\Content\StringTables\Game\Battle\SlideMsg\STT_BattleSlideMsg_I1P_BALOON.json
R:\Temp\Exports\Holiday\Content\StringTables\Game\Battle\SlideMsg\STT_BattleSlideMsg_I2E_BALOON.json
R:\Temp\Exports\Holiday\Content\StringTables\Game\Battle\SlideMsg\STT_BattleSlideMsg_I2EEX_BALOON.json
R:\Temp\Exports\Holiday\Content\StringTables\Game\Battle\SlideMsg\STT_BattleSlideMsg_I2P_BALOON.json
R:\Temp\Exports\Holiday\Content\StringTables\Game\Battle\SlideMsg\STT_BattleSlideMsg_I2PEX_BALOON.json
R:\Temp\Exports\Holiday\Content\StringTables\Game\Battle\SlideMsg\STT_BattleSlideMsg_NEE_BALOON.json
R:\Temp\Exports\Holiday\Content\StringTables\Game\Battle\SlideMsg\STT_BattleSlideMsg_NEP_BALOON.json
R:\Temp\Exports\Holiday\Content\StringTables\Game\Battle\SlideMsg\STT_BattleSlideMsg_RSE_BALOON.json
R:\Temp\Exports\Holiday\Content\StringTables\Game\Battle\SlideMsg\STT_BattleSlideMsg_RSP_BALOON.json
R:\Temp\Exports\Holiday\Content\StringTables\Game\Battle\SlideMsg\STT_DeactiveMsg_MON_Simple.json
R:\Temp\Exports\Holiday\Content\StringTables\Game\Battle\SlideMsg\STT_DeactiveMsg_PC_Simple.json
R:\Temp\Exports\Holiday\Content\StringTables\Game\Battle\SlideMsg\STT_GrantFailMsg_MON_Simple.json
R:\Temp\Exports\Holiday\Content\StringTables\Game\Battle\SlideMsg\STT_GrantFailMsg_PC_Simple.json
R:\Temp\Exports\Holiday\Content\StringTables\Game\Battle\SlideMsg\STT_SlideMsg_MON_Simple_Stage0.json
R:\Temp\Exports\Holiday\Content\StringTables\Game\Battle\SlideMsg\STT_SlideMsg_PC_Simple_Stage0.json
R:\Temp\Exports\Holiday\Content\StringTables\Game\Battle\SlideMsg\STT_SlideMsg_PC_TimeEx_Minus_Simple.json
R:\Temp\Exports\Holiday\Content\StringTables\Game\Battle\SlideMsg\STT_SlideMsg_PC_TimeEx_PLUS_Simple.json
R:\Temp\Exports\Holiday\Content\StringTables\Game\System\System_Shop\STT_System_Shop_DouguNpc.json
R:\Temp\Exports\Holiday\Content\StringTables\Game\System\System_Shop\STT_System_Shop_InnNpc.json
R:\Temp\Exports\Holiday\Content\StringTables\Game\System\System_Title\STT_Title_Boukennosho.json
R:\Temp\Exports\Holiday\Content\StringTables\Game\System\System_UI\STT_ItemListSys.json
R:\Temp\Exports\Holiday\Content\StringTables\Game\System\System_UI\STT_MainUISys.json
R:\Temp\Exports\Holiday\Content\StringTables\Game\System\System_UI\STT_UIShiraberuSys.json
R:\Temp\Exports\Holiday\Content\StringTables\Game\System\System_Warp\STT_WarpRuraSys.json
